#
# There is insufficient memory for the Java Runtime Environment to continue.
# Native memory allocation (malloc) failed to allocate 32744 bytes for ChunkPool::allocate
# Possible reasons:
#   The system is out of physical RAM or swap space
#   In 32 bit mode, the process size limit was hit
# Possible solutions:
#   Reduce memory load on the system
#   Increase physical memory or swap space
#   Check if swap backing store is full
#   Use 64 bit Java on a 64 bit OS
#   Decrease Java heap size (-Xmx/-Xms)
#   Decrease number of Java threads
#   Decrease Java thread stack sizes (-Xss)
#   Set larger code cache with -XX:ReservedCodeCacheSize=
# This output file may be truncated or incomplete.
#
#  Out of Memory Error (allocation.cpp:273), pid=3112, tid=0x0000000000001ac4
#
# JRE version: OpenJDK Runtime Environment (8.0_152-b02) (build 1.8.0_152-release-1024-b02)
# Java VM: OpenJDK 64-Bit Server VM (25.152-b02 mixed mode windows-amd64 compressed oops)
# Failed to write core dump. Minidumps are not enabled by default on client versions of Windows
#

---------------  T H R E A D  ---------------

Current thread (0x000000001608c800):  JavaThread "C2 CompilerThread1" daemon [_thread_in_native, id=6852, stack(0x0000000017ae0000,0x0000000017be0000)]

Stack: [0x0000000017ae0000,0x0000000017be0000]
[error occurred during error reporting (printing stack bounds), id 0xc0000005]

Native frames: (J=compiled Java code, j=interpreted, Vv=VM code, C=native code)


Current CompileTask:
C2: 826031 12661  s    4       java.lang.reflect.Field::declaredAnnotations (59 bytes)


---------------  P R O C E S S  ---------------

Java Threads: ( => current thread )
  0x0000000018f7f800 JavaThread "Task worker for ':' Thread 3" [_thread_blocked, id=5696, stack(0x0000000022f50000,0x0000000023050000)]
  0x0000000018f81000 JavaThread "Task worker for ':' Thread 2" [_thread_blocked, id=964, stack(0x0000000022e50000,0x0000000022f50000)]
  0x0000000018f82800 JavaThread "Task worker for ':'" [_thread_blocked, id=1304, stack(0x0000000022950000,0x0000000022a50000)]
  0x000000001c845000 JavaThread "Cache worker for Build Output Cleanup Cache (E:\Android Studio\Pro\SurveyTools\.gradle\buildOutputCleanup)" [_thread_blocked, id=1116, stack(0x0000000022850000,0x0000000022950000)]
  0x000000001c848000 JavaThread "Cache worker for task history cache (E:\Android Studio\Pro\SurveyTools\.gradle\4.4\taskHistory)" [_thread_blocked, id=5560, stack(0x0000000022750000,0x0000000022850000)]
  0x000000001c847000 JavaThread "Cache worker for file content cache (E:\Android Studio\Pro\SurveyTools\.gradle\4.4\fileContent)" [_thread_blocked, id=4584, stack(0x0000000022650000,0x0000000022750000)]
  0x000000001c843800 JavaThread "build operations Thread 4" [_thread_in_native, id=4652, stack(0x0000000020c50000,0x0000000020d50000)]
  0x000000001c846800 JavaThread "build operations Thread 3" [_thread_blocked, id=1092, stack(0x0000000020b50000,0x0000000020c50000)]
  0x000000001c845800 JavaThread "build operations Thread 2" [_thread_blocked, id=6656, stack(0x000000001f3b0000,0x000000001f4b0000)]
  0x000000001c844000 JavaThread "build operations" [_thread_blocked, id=3140, stack(0x000000001dff0000,0x000000001e0f0000)]
  0x000000001c842800 JavaThread "Cache worker for Artifact transforms cache (C:\Users\Administrator\.gradle\caches\transforms-1)" [_thread_blocked, id=6176, stack(0x000000001ce50000,0x000000001cf50000)]
  0x000000001c840800 JavaThread "Cache worker for file hash cache (E:\Android Studio\Pro\SurveyTools\.gradle\4.4\fileHashes)" [_thread_blocked, id=2620, stack(0x000000001b980000,0x000000001ba80000)]
  0x000000001c83f000 JavaThread "Stdin handler" [_thread_blocked, id=172, stack(0x000000001a4b0000,0x000000001a5b0000)]
  0x000000001c842000 JavaThread "Asynchronous log dispatcher for DefaultDaemonConnection: socket connection from /127.0.0.1:52212 to /127.0.0.1:52569" [_thread_blocked, id=3060, stack(0x000000001a3b0000,0x000000001a4b0000)]
  0x000000001c83e000 JavaThread "Daemon worker Thread 4" [_thread_blocked, id=4520, stack(0x000000001a2b0000,0x000000001a3b0000)]
  0x000000001c83b000 JavaThread "Cancel handler" [_thread_blocked, id=4932, stack(0x000000001a1b0000,0x000000001a2b0000)]
  0x000000001c83a800 JavaThread "Handler for socket connection from /127.0.0.1:52212 to /127.0.0.1:52569" [_thread_in_native, id=2944, stack(0x0000000019eb0000,0x0000000019fb0000)]
  0x000000001c83d800 JavaThread "Daemon Thread 4" [_thread_blocked, id=4872, stack(0x0000000019db0000,0x0000000019eb0000)]
  0x000000001c83c000 JavaThread "Memory manager" [_thread_blocked, id=5840, stack(0x0000000021550000,0x0000000021650000)]
  0x000000001c839000 JavaThread "pool-1-thread-1" [_thread_blocked, id=3636, stack(0x0000000021250000,0x0000000021350000)]
  0x0000000018f81800 JavaThread "File lock request listener" [_thread_in_native, id=2156, stack(0x000000001a8b0000,0x000000001a9b0000)]
  0x000000001932f800 JavaThread "Cache worker for file hash cache (C:\Users\Administrator\.gradle\caches\4.4\fileHashes)" [_thread_blocked, id=4552, stack(0x000000001a7b0000,0x000000001a8b0000)]
  0x0000000018e21800 JavaThread "Daemon periodic checks" [_thread_blocked, id=2088, stack(0x0000000019cb0000,0x0000000019db0000)]
  0x0000000018e20800 JavaThread "Incoming local TCP Connector on port 52212" [_thread_in_native, id=3264, stack(0x00000000198d0000,0x00000000199d0000)]
  0x000000001745c000 JavaThread "Service Thread" daemon [_thread_blocked, id=3888, stack(0x0000000017ce0000,0x0000000017de0000)]
  0x00000000173ed000 JavaThread "C1 CompilerThread2" daemon [_thread_blocked, id=3228, stack(0x0000000017be0000,0x0000000017ce0000)]
=>0x000000001608c800 JavaThread "C2 CompilerThread1" daemon [_thread_in_native, id=6852, stack(0x0000000017ae0000,0x0000000017be0000)]
  0x000000001603d800 JavaThread "C2 CompilerThread0" daemon [_thread_in_native, id=2812, stack(0x00000000179e0000,0x0000000017ae0000)]
  0x0000000016026800 JavaThread "Attach Listener" daemon [_thread_blocked, id=4808, stack(0x00000000178e0000,0x00000000179e0000)]
  0x00000000173e8800 JavaThread "Signal Dispatcher" daemon [_thread_blocked, id=4744, stack(0x00000000177e0000,0x00000000178e0000)]
  0x00000000026bc000 JavaThread "Finalizer" daemon [_thread_blocked, id=3916, stack(0x0000000017280000,0x0000000017380000)]
  0x00000000026b1000 JavaThread "Reference Handler" daemon [_thread_blocked, id=2952, stack(0x0000000017180000,0x0000000017280000)]
  0x00000000021cd800 JavaThread "main" [_thread_blocked, id=728, stack(0x00000000024c0000,0x00000000025c0000)]

Other Threads:
  0x0000000015ff5800 VMThread [stack: 0x0000000017080000,0x0000000017180000] [id=6252]
  0x0000000017464800 WatcherThread [stack: 0x0000000017de0000,0x0000000017ee0000] [id=6552]

VM state:not at safepoint (normal execution)

VM Mutex/Monitor currently owned by a thread: None

Heap:
 PSYoungGen      total 223744K, used 108927K [0x00000000e0000000, 0x00000000f0f00000, 0x0000000100000000)
  eden space 206336K, 48% used [0x00000000e0000000,0x00000000e6262930,0x00000000ec980000)
  from space 17408K, 46% used [0x00000000ec980000,0x00000000ed17d3a0,0x00000000eda80000)
  to   space 16384K, 0% used [0x00000000eff00000,0x00000000eff00000,0x00000000f0f00000)
 ParOldGen       total 84992K, used 49229K [0x00000000a0000000, 0x00000000a5300000, 0x00000000e0000000)
  object space 84992K, 57% used [0x00000000a0000000,0x00000000a30134c8,0x00000000a5300000)
 Metaspace       used 75662K, capacity 78770K, committed 78936K, reserved 1118208K
  class space    used 9922K, capacity 10560K, committed 10624K, reserved 1048576K

Card table byte_map: [0x0000000011a80000,0x0000000011d90000] byte_map_base: 0x0000000011580000

Marking Bits: (ParMarkBitMap*) 0x0000000054c64970
 Begin Bits: [0x0000000012390000, 0x0000000013b90000)
 End Bits:   [0x0000000013b90000, 0x0000000015390000)

Polling page: 0x0000000002170000

CodeCache: size=245760Kb used=33679Kb max_used=33679Kb free=212080Kb
 bounds [0x00000000026c0000, 0x00000000047e0000, 0x00000000116c0000]
 total_blobs=11280 nmethods=10442 adapters=750
 compilation: enabled

Compilation events (10 events):
Event: 825.882 Thread 0x00000000173ed000 12737       3       org.gradle.api.internal.artifacts.ivyservice.projectmodule.ProjectDependencyResolver::resolveArtifacts (60 bytes)
Event: 825.882 Thread 0x00000000173ed000 nmethod 12737 0x00000000047cae10 code [0x00000000047cb000, 0x00000000047cb848]
Event: 825.882 Thread 0x00000000173ed000 12738       3       org.gradle.api.internal.artifacts.ivyservice.ivyresolve.RepositoryChainArtifactResolver::resolveArtifacts (105 bytes)
Event: 825.884 Thread 0x00000000173ed000 nmethod 12738 0x00000000047cba90 code [0x00000000047cbda0, 0x00000000047cd738]
Event: 825.884 Thread 0x00000000173ed000 12739       3       org.gradle.api.internal.artifacts.ivyservice.ivyresolve.RepositoryChainArtifactResolver::unpackSource (20 bytes)
Event: 825.884 Thread 0x00000000173ed000 nmethod 12739 0x00000000047ce550 code [0x00000000047ce720, 0x00000000047ceda8]
Event: 825.884 Thread 0x00000000173ed000 12740       3       org.gradle.internal.resolve.result.DefaultBuildableComponentArtifactsResolveResult::<init> (5 bytes)
Event: 825.885 Thread 0x00000000173ed000 nmethod 12740 0x00000000047cf0d0 code [0x00000000047cf260, 0x00000000047cf6d0]
Event: 825.885 Thread 0x00000000173ed000 12741   !   3       org.gradle.api.internal.artifacts.ivyservice.ivyresolve.ErrorHandlingModuleComponentRepository$ErrorHandlingModuleComponentRepositoryAccess::resolveArtifacts (89 bytes)
Event: 825.885 Thread 0x00000000173ed000 nmethod 12741 0x00000000047cf990 code [0x00000000047cfba0, 0x00000000047d05a8]

GC Heap History (10 events):
Event: 42.129 GC heap before
{Heap before GC invocations=14 (full 2):
 PSYoungGen      total 147456K, used 105041K [0x00000000e0000000, 0x00000000ec880000, 0x0000000100000000)
  eden space 133632K, 68% used [0x00000000e0000000,0x00000000e5969188,0x00000000e8280000)
  from space 13824K, 97% used [0x00000000e8280000,0x00000000e8fab318,0x00000000e9000000)
  to   space 15872K, 0% used [0x00000000eb900000,0x00000000eb900000,0x00000000ec880000)
 ParOldGen       total 56320K, used 30029K [0x00000000a0000000, 0x00000000a3700000, 0x00000000e0000000)
  object space 56320K, 53% used [0x00000000a0000000,0x00000000a1d53640,0x00000000a3700000)
 Metaspace       used 57145K, capacity 58898K, committed 59028K, reserved 1099776K
  class space    used 7764K, capacity 8186K, committed 8192K, reserved 1048576K
Event: 42.144 GC heap after
Heap after GC invocations=14 (full 2):
 PSYoungGen      total 177152K, used 5981K [0x00000000e0000000, 0x00000000ec180000, 0x0000000100000000)
  eden space 168448K, 0% used [0x00000000e0000000,0x00000000e0000000,0x00000000ea480000)
  from space 8704K, 68% used [0x00000000eb900000,0x00000000ebed7690,0x00000000ec180000)
  to   space 14848K, 0% used [0x00000000ea480000,0x00000000ea480000,0x00000000eb300000)
 ParOldGen       total 56320K, used 37200K [0x00000000a0000000, 0x00000000a3700000, 0x00000000e0000000)
  object space 56320K, 66% used [0x00000000a0000000,0x00000000a2454058,0x00000000a3700000)
 Metaspace       used 57145K, capacity 58898K, committed 59028K, reserved 1099776K
  class space    used 7764K, capacity 8186K, committed 8192K, reserved 1048576K
}
Event: 42.144 GC heap before
{Heap before GC invocations=15 (full 3):
 PSYoungGen      total 177152K, used 5981K [0x00000000e0000000, 0x00000000ec180000, 0x0000000100000000)
  eden space 168448K, 0% used [0x00000000e0000000,0x00000000e0000000,0x00000000ea480000)
  from space 8704K, 68% used [0x00000000eb900000,0x00000000ebed7690,0x00000000ec180000)
  to   space 14848K, 0% used [0x00000000ea480000,0x00000000ea480000,0x00000000eb300000)
 ParOldGen       total 56320K, used 37200K [0x00000000a0000000, 0x00000000a3700000, 0x00000000e0000000)
  object space 56320K, 66% used [0x00000000a0000000,0x00000000a2454058,0x00000000a3700000)
 Metaspace       used 57145K, capacity 58898K, committed 59028K, reserved 1099776K
  class space    used 7764K, capacity 8186K, committed 8192K, reserved 1048576K
Event: 42.319 GC heap after
Heap after GC invocations=15 (full 3):
 PSYoungGen      total 177152K, used 0K [0x00000000e0000000, 0x00000000ec180000, 0x0000000100000000)
  eden space 168448K, 0% used [0x00000000e0000000,0x00000000e0000000,0x00000000ea480000)
  from space 8704K, 0% used [0x00000000eb900000,0x00000000eb900000,0x00000000ec180000)
  to   space 14848K, 0% used [0x00000000ea480000,0x00000000ea480000,0x00000000eb300000)
 ParOldGen       total 84992K, used 34232K [0x00000000a0000000, 0x00000000a5300000, 0x00000000e0000000)
  object space 84992K, 40% used [0x00000000a0000000,0x00000000a216e1c8,0x00000000a5300000)
 Metaspace       used 57145K, capacity 58898K, committed 59028K, reserved 1099776K
  class space    used 7764K, capacity 8186K, committed 8192K, reserved 1048576K
}
Event: 48.257 GC heap before
{Heap before GC invocations=16 (full 3):
 PSYoungGen      total 177152K, used 168448K [0x00000000e0000000, 0x00000000ec180000, 0x0000000100000000)
  eden space 168448K, 100% used [0x00000000e0000000,0x00000000ea480000,0x00000000ea480000)
  from space 8704K, 0% used [0x00000000eb900000,0x00000000eb900000,0x00000000ec180000)
  to   space 14848K, 0% used [0x00000000ea480000,0x00000000ea480000,0x00000000eb300000)
 ParOldGen       total 84992K, used 34232K [0x00000000a0000000, 0x00000000a5300000, 0x00000000e0000000)
  object space 84992K, 40% used [0x00000000a0000000,0x00000000a216e1c8,0x00000000a5300000)
 Metaspace       used 68696K, capacity 71152K, committed 71384K, reserved 1112064K
  class space    used 9187K, capacity 9715K, committed 9728K, reserved 1048576K
Event: 48.275 GC heap after
Heap after GC invocations=16 (full 3):
 PSYoungGen      total 183296K, used 14832K [0x00000000e0000000, 0x00000000ef400000, 0x0000000100000000)
  eden space 168448K, 0% used [0x00000000e0000000,0x00000000e0000000,0x00000000ea480000)
  from space 14848K, 99% used [0x00000000ea480000,0x00000000eb2fc390,0x00000000eb300000)
  to   space 18432K, 0% used [0x00000000ee200000,0x00000000ee200000,0x00000000ef400000)
 ParOldGen       total 84992K, used 37388K [0x00000000a0000000, 0x00000000a5300000, 0x00000000e0000000)
  object space 84992K, 43% used [0x00000000a0000000,0x00000000a24833d8,0x00000000a5300000)
 Metaspace       used 68696K, capacity 71152K, committed 71384K, reserved 1112064K
  class space    used 9187K, capacity 9715K, committed 9728K, reserved 1048576K
}
Event: 279.021 GC heap before
{Heap before GC invocations=17 (full 3):
 PSYoungGen      total 183296K, used 183280K [0x00000000e0000000, 0x00000000ef400000, 0x0000000100000000)
  eden space 168448K, 100% used [0x00000000e0000000,0x00000000ea480000,0x00000000ea480000)
  from space 14848K, 99% used [0x00000000ea480000,0x00000000eb2fc390,0x00000000eb300000)
  to   space 18432K, 0% used [0x00000000ee200000,0x00000000ee200000,0x00000000ef400000)
 ParOldGen       total 84992K, used 37388K [0x00000000a0000000, 0x00000000a5300000, 0x00000000e0000000)
  object space 84992K, 43% used [0x00000000a0000000,0x00000000a24833d8,0x00000000a5300000)
 Metaspace       used 74440K, capacity 77278K, committed 77528K, reserved 1116160K
  class space    used 9867K, capacity 10474K, committed 10496K, reserved 1048576K
Event: 279.068 GC heap after
Heap after GC invocations=17 (full 3):
 PSYoungGen      total 216064K, used 8698K [0x00000000e0000000, 0x00000000eeb80000, 0x0000000100000000)
  eden space 206336K, 0% used [0x00000000e0000000,0x00000000e0000000,0x00000000ec980000)
  from space 9728K, 89% used [0x00000000ee200000,0x00000000eea7ebd0,0x00000000eeb80000)
  to   space 17408K, 0% used [0x00000000ec980000,0x00000000ec980000,0x00000000eda80000)
 ParOldGen       total 84992K, used 49221K [0x00000000a0000000, 0x00000000a5300000, 0x00000000e0000000)
  object space 84992K, 57% used [0x00000000a0000000,0x00000000a30114c8,0x00000000a5300000)
 Metaspace       used 74440K, capacity 77278K, committed 77528K, reserved 1116160K
  class space    used 9867K, capacity 10474K, committed 10496K, reserved 1048576K
}
Event: 455.083 GC heap before
{Heap before GC invocations=18 (full 3):
 PSYoungGen      total 216064K, used 215034K [0x00000000e0000000, 0x00000000eeb80000, 0x0000000100000000)
  eden space 206336K, 100% used [0x00000000e0000000,0x00000000ec980000,0x00000000ec980000)
  from space 9728K, 89% used [0x00000000ee200000,0x00000000eea7ebd0,0x00000000eeb80000)
  to   space 17408K, 0% used [0x00000000ec980000,0x00000000ec980000,0x00000000eda80000)
 ParOldGen       total 84992K, used 49221K [0x00000000a0000000, 0x00000000a5300000, 0x00000000e0000000)
  object space 84992K, 57% used [0x00000000a0000000,0x00000000a30114c8,0x00000000a5300000)
 Metaspace       used 75227K, capacity 78198K, committed 78424K, reserved 1118208K
  class space    used 9905K, capacity 10530K, committed 10624K, reserved 1048576K
Event: 455.095 GC heap after
Heap after GC invocations=18 (full 3):
 PSYoungGen      total 223744K, used 8180K [0x00000000e0000000, 0x00000000f0f00000, 0x0000000100000000)
  eden space 206336K, 0% used [0x00000000e0000000,0x00000000e0000000,0x00000000ec980000)
  from space 17408K, 46% used [0x00000000ec980000,0x00000000ed17d3a0,0x00000000eda80000)
  to   space 16384K, 0% used [0x00000000eff00000,0x00000000eff00000,0x00000000f0f00000)
 ParOldGen       total 84992K, used 49229K [0x00000000a0000000, 0x00000000a5300000, 0x00000000e0000000)
  object space 84992K, 57% used [0x00000000a0000000,0x00000000a30134c8,0x00000000a5300000)
 Metaspace       used 75227K, capacity 78198K, committed 78424K, reserved 1118208K
  class space    used 9905K, capacity 10530K, committed 10624K, reserved 1048576K
}

Deoptimization events (10 events):
Event: 454.225 Thread 0x0000000018f83000 Uncommon trap: reason=bimorphic action=maybe_recompile pc=0x000000000442de88 method=com.sun.org.apache.xerces.internal.dom.ParentNode.checkNormalizationAfterInsert(Lcom/sun/org/apache/xerces/internal/dom/ChildNode;)V @ 1
Event: 454.225 Thread 0x0000000018f83000 Uncommon trap: reason=class_check action=maybe_recompile pc=0x000000000442de24 method=com.sun.org.apache.xerces.internal.dom.ParentNode.checkNormalizationAfterInsert(Lcom/sun/org/apache/xerces/internal/dom/ChildNode;)V @ 23
Event: 454.225 Thread 0x0000000018f83000 Uncommon trap: reason=bimorphic action=maybe_recompile pc=0x000000000442de88 method=com.sun.org.apache.xerces.internal.dom.ParentNode.checkNormalizationAfterInsert(Lcom/sun/org/apache/xerces/internal/dom/ChildNode;)V @ 1
Event: 454.225 Thread 0x0000000018f83000 Uncommon trap: reason=class_check action=maybe_recompile pc=0x000000000442de24 method=com.sun.org.apache.xerces.internal.dom.ParentNode.checkNormalizationAfterInsert(Lcom/sun/org/apache/xerces/internal/dom/ChildNode;)V @ 23
Event: 454.225 Thread 0x0000000018f83000 Uncommon trap: reason=bimorphic action=maybe_recompile pc=0x000000000442de88 method=com.sun.org.apache.xerces.internal.dom.ParentNode.checkNormalizationAfterInsert(Lcom/sun/org/apache/xerces/internal/dom/ChildNode;)V @ 1
Event: 454.262 Thread 0x0000000018f83000 Uncommon trap: reason=unstable_if action=reinterpret pc=0x00000000034126e4 method=com.sun.org.apache.xerces.internal.dom.NodeImpl.hasStringValue(Z)V @ 2
Event: 454.262 Thread 0x0000000018f83000 Uncommon trap: reason=unstable_if action=reinterpret pc=0x0000000002e49ea0 method=com.sun.org.apache.xerces.internal.dom.NodeImpl.isOwned(Z)V @ 2
Event: 454.262 Thread 0x0000000018f83000 Uncommon trap: reason=null_check action=make_not_entrant pc=0x000000000443052c method=com.android.ide.common.res2.NodeUtils.processSingleNodeNamespace(Lorg/w3c/dom/Node;Lorg/w3c/dom/Document;)Z @ 8
Event: 454.278 Thread 0x0000000018f83000 Uncommon trap: reason=unstable_if action=reinterpret pc=0x00000000043d9f28 method=com.sun.org.apache.xerces.internal.dom.NodeImpl.hasStringValue()Z @ 8
Event: 825.339 Thread 0x000000001c83e000 Uncommon trap: reason=class_check action=maybe_recompile pc=0x00000000038c86f0 method=com.google.common.collect.AbstractMapBasedMultimap$WrappedCollection.refreshIfEmpty()V @ 40

Classes redefined (0 events):
No events

Internal exceptions (10 events):
Event: 50.265 Thread 0x000000001900d000 Exception <a 'java/lang/NoSuchMethodError': <clinit>> (0x00000000e8dd8760) thrown at [D:\src\AOSP-openjdk-cygwin\jdk8u\hotspot\src\share\vm\prims\jni.cpp, line 1613]
Event: 50.287 Thread 0x000000001901b800 Exception <a 'java/lang/NoSuchMethodError': <clinit>> (0x00000000e8f138a8) thrown at [D:\src\AOSP-openjdk-cygwin\jdk8u\hotspot\src\share\vm\prims\jni.cpp, line 1613]
Event: 278.790 Thread 0x000000001c83b000 Exception <a 'sun/nio/fs/WindowsException'> (0x00000000e9d5e2b8) thrown at [D:\src\AOSP-openjdk-cygwin\jdk8u\hotspot\src\share\vm\prims\jni.cpp, line 709]
Event: 278.792 Thread 0x000000001c83b000 Exception <a 'sun/nio/fs/WindowsException'> (0x00000000e9d6a530) thrown at [D:\src\AOSP-openjdk-cygwin\jdk8u\hotspot\src\share\vm\prims\jni.cpp, line 709]
Event: 453.809 Thread 0x000000001c83b000 Exception <a 'sun/nio/fs/WindowsException'> (0x00000000e884dc50) thrown at [D:\src\AOSP-openjdk-cygwin\jdk8u\hotspot\src\share\vm\prims\jni.cpp, line 709]
Event: 453.810 Thread 0x000000001c83b000 Exception <a 'sun/nio/fs/WindowsException'> (0x00000000e8859ee0) thrown at [D:\src\AOSP-openjdk-cygwin\jdk8u\hotspot\src\share\vm\prims\jni.cpp, line 709]
Event: 454.262 Thread 0x0000000018f83000 Implicit null exception at 0x00000000044303d7 to 0x000000000443051b
Event: 607.231 Thread 0x000000001c839000 Exception <a 'sun/nio/fs/WindowsException'> (0x00000000e4554088) thrown at [D:\src\AOSP-openjdk-cygwin\jdk8u\hotspot\src\share\vm\prims\jni.cpp, line 709]
Event: 825.234 Thread 0x000000001c83e000 Exception <a 'sun/nio/fs/WindowsException'> (0x00000000e54ff1b0) thrown at [D:\src\AOSP-openjdk-cygwin\jdk8u\hotspot\src\share\vm\prims\jni.cpp, line 709]
Event: 825.267 Thread 0x000000001c83e000 Exception <a 'sun/nio/fs/WindowsException'> (0x00000000e550b480) thrown at [D:\src\AOSP-openjdk-cygwin\jdk8u\hotspot\src\share\vm\prims\jni.cpp, line 709]

Events (10 events):
Event: 825.659 Thread 0x000000001c83e000 DEOPT PACKING pc=0x00000000037c9f40 sp=0x000000001a3aa5f0
Event: 825.659 Thread 0x000000001c83e000 DEOPT UNPACKING pc=0x00000000027075d0 sp=0x000000001a3aa4f8 mode 0
Event: 825.728 Thread 0x000000001c83e000 DEOPT PACKING pc=0x000000000379c746 sp=0x000000001a3a9d00
Event: 825.728 Thread 0x000000001c83e000 DEOPT UNPACKING pc=0x00000000027075d0 sp=0x000000001a3a9b38 mode 0
Event: 825.784 Thread 0x000000001c83e000 DEOPT PACKING pc=0x00000000037c9f40 sp=0x000000001a3aa650
Event: 825.784 Thread 0x000000001c83e000 DEOPT UNPACKING pc=0x00000000027075d0 sp=0x000000001a3aa558 mode 0
Event: 825.815 Thread 0x000000001c83e000 DEOPT PACKING pc=0x000000000379c746 sp=0x000000001a3a9e20
Event: 825.815 Thread 0x000000001c83e000 DEOPT UNPACKING pc=0x00000000027075d0 sp=0x000000001a3a9c58 mode 0
Event: 825.823 Thread 0x000000001c83e000 DEOPT PACKING pc=0x00000000037c9f40 sp=0x000000001a3a9c20
Event: 825.823 Thread 0x000000001c83e000 DEOPT UNPACKING pc=0x00000000027075d0 sp=0x000000001a3a9b18 mode 0


Dynamic libraries:
0x00007ff7ebdf0000 - 0x00007ff7ebe21000 	E:\Android Studio\AS\jre\bin\java.exe
0x00007ffbee290000 - 0x00007ffbee439000 	C:\Windows\SYSTEM32\ntdll.dll
0x00007ffbed970000 - 0x00007ffbedaa9000 	C:\Windows\system32\KERNEL32.DLL
0x00007ffbeb9c0000 - 0x00007ffbebace000 	C:\Windows\system32\KERNELBASE.dll
0x00007ffbed5b0000 - 0x00007ffbed655000 	C:\Windows\system32\ADVAPI32.dll
0x00007ffbedca0000 - 0x00007ffbede11000 	C:\Windows\system32\USER32.dll
0x00007ffbe92b0000 - 0x00007ffbe950a000 	C:\Windows\WinSxS\amd64_microsoft.windows.common-controls_6595b64144ccf1df_6.0.9600.16384_none_62475f7becb72503\COMCTL32.dll
0x00007ffbedf20000 - 0x00007ffbedfc7000 	C:\Windows\system32\msvcrt.dll
0x00007ffbed7c0000 - 0x00007ffbed817000 	C:\Windows\SYSTEM32\sechost.dll
0x00007ffbebce0000 - 0x00007ffbebe16000 	C:\Windows\system32\RPCRT4.dll
0x00007ffbed820000 - 0x00007ffbed965000 	C:\Windows\system32\GDI32.dll
0x00007ffbebca0000 - 0x00007ffbebcd4000 	C:\Windows\system32\IMM32.DLL
0x00007ffbed670000 - 0x00007ffbed7a9000 	C:\Windows\system32\MSCTF.dll
0x0000000054220000 - 0x00000000542f2000 	E:\Android Studio\AS\jre\jre\bin\msvcr100.dll
0x00000000544a0000 - 0x0000000054cdf000 	E:\Android Studio\AS\jre\jre\bin\server\jvm.dll
0x00007ffbe18d0000 - 0x00007ffbe18d9000 	C:\Windows\SYSTEM32\WSOCK32.dll
0x00007ffbe6780000 - 0x00007ffbe679f000 	C:\Windows\SYSTEM32\WINMM.dll
0x00007ffbe8230000 - 0x00007ffbe823a000 	C:\Windows\SYSTEM32\VERSION.dll
0x00007ffbed7b0000 - 0x00007ffbed7b7000 	C:\Windows\system32\PSAPI.DLL
0x00007ffbed430000 - 0x00007ffbed488000 	C:\Windows\system32\WS2_32.dll
0x00007ffbe6450000 - 0x00007ffbe647a000 	C:\Windows\SYSTEM32\WINMMBASE.dll
0x00007ffbedab0000 - 0x00007ffbedab9000 	C:\Windows\system32\NSI.dll
0x00007ffbebad0000 - 0x00007ffbebb1a000 	C:\Windows\SYSTEM32\cfgmgr32.dll
0x00007ffbea4c0000 - 0x00007ffbea4e6000 	C:\Windows\SYSTEM32\DEVOBJ.dll
0x00007ffbe1800000 - 0x00007ffbe180f000 	E:\Android Studio\AS\jre\jre\bin\verify.dll
0x00007ffbdfc50000 - 0x00007ffbdfc79000 	E:\Android Studio\AS\jre\jre\bin\java.dll
0x00007ffbe1390000 - 0x00007ffbe13a6000 	E:\Android Studio\AS\jre\jre\bin\zip.dll
0x00007ffbec000000 - 0x00007ffbed40d000 	C:\Windows\system32\SHELL32.dll
0x00007ffbedac0000 - 0x00007ffbedc97000 	C:\Windows\SYSTEM32\combase.dll
0x00007ffbee230000 - 0x00007ffbee281000 	C:\Windows\system32\SHLWAPI.dll
0x00007ffbe9f00000 - 0x00007ffbe9fa1000 	C:\Windows\SYSTEM32\SHCORE.dll
0x00007ffbeb610000 - 0x00007ffbeb624000 	C:\Windows\SYSTEM32\profapi.dll
0x00007ffbdf9f0000 - 0x00007ffbdfa0a000 	E:\Android Studio\AS\jre\jre\bin\net.dll
0x00007ffbeaed0000 - 0x00007ffbeaf28000 	C:\Windows\system32\mswsock.dll
0x00007ffbdf9d0000 - 0x00007ffbdf9e1000 	E:\Android Studio\AS\jre\jre\bin\nio.dll
0x00007ffbe1810000 - 0x00007ffbe182e000 	C:\Users\Administrator\.gradle\native\25\windows-amd64\native-platform.dll
0x00007ffbe17d0000 - 0x00007ffbe17dd000 	E:\Android Studio\AS\jre\jre\bin\management.dll
0x00007ffbeaf30000 - 0x00007ffbeaf4e000 	C:\Windows\SYSTEM32\CRYPTSP.dll
0x00007ffbeab10000 - 0x00007ffbeab45000 	C:\Windows\system32\rsaenh.dll
0x00007ffbeb180000 - 0x00007ffbeb1a6000 	C:\Windows\SYSTEM32\bcrypt.dll
0x00007ffbeac20000 - 0x00007ffbeac3f000 	C:\Windows\SYSTEM32\USERENV.dll
0x00007ffbeb4f0000 - 0x00007ffbeb54e000 	C:\Windows\system32\bcryptprimitives.dll
0x00007ffbeb550000 - 0x00007ffbeb55a000 	C:\Windows\SYSTEM32\CRYPTBASE.dll
0x00007ffbe5bb0000 - 0x00007ffbe5bd9000 	C:\Windows\SYSTEM32\IPHLPAPI.DLL
0x00007ffbe5b90000 - 0x00007ffbe5b9a000 	C:\Windows\SYSTEM32\WINNSI.DLL
0x00007ffbe58c0000 - 0x00007ffbe58d4000 	C:\Windows\SYSTEM32\dhcpcsvc6.DLL
0x00007ffbe57e0000 - 0x00007ffbe57f9000 	C:\Windows\SYSTEM32\dhcpcsvc.DLL
0x00007ffbeb970000 - 0x00007ffbeb9be000 	C:\Windows\system32\WINTRUST.dll
0x00007ffbeb790000 - 0x00007ffbeb967000 	C:\Windows\system32\CRYPT32.dll
0x00007ffbeb6c0000 - 0x00007ffbeb6d2000 	C:\Windows\system32\MSASN1.dll
0x00007ffbed410000 - 0x00007ffbed425000 	C:\Windows\system32\imagehlp.dll

VM Arguments:
jvm_args: -Xmx1536m -Dfile.encoding=GBK -Duser.country=CN -Duser.language=zh -Duser.variant 
java_command: org.gradle.launcher.daemon.bootstrap.GradleDaemon 4.4
java_class_path (initial): E:\Android Studio\AS\gradle\gradle-4.4\lib\gradle-launcher-4.4.jar
Launcher Type: SUN_STANDARD

Environment Variables:
PATH=F:\ARM_GCC\SecureCRT\;C:\ProgramData\Oracle\Java\javapath;C:\Windows\system32;C:\Windows;C:\Windows\System32\Wbem;C:\Windows\System32\WindowsPowerShell\v1.0\;C:\Program Files (x86)\NVIDIA Corporation\PhysX\Common£»D:\java\jdk\bin£»;F:\Anaconda;F:\Anaconda\Library\mingw-w64\bin;F:\Anaconda\Library\usr\bin;F:\Anaconda\Library\bin;F:\Anaconda\Scripts;D:\java\jdk\bin;C:\Program Files\Microsoft VS Code\bin
USERNAME=Administrator
OS=Windows_NT
PROCESSOR_IDENTIFIER=Intel64 Family 6 Model 60 Stepping 3, GenuineIntel



---------------  S Y S T E M  ---------------

OS: Windows 8.1 , 64 bit Build 9600 (6.3.9600.16656)

CPU:total 4 (initial active 4) (2 cores per cpu, 2 threads per core) family 6 model 60 stepping 3, cmov, cx8, fxsr, mmx, sse, sse2, sse3, ssse3, sse4.1, sse4.2, popcnt, avx, avx2, aes, clmul, erms, lzcnt, ht, tsc, tscinvbit, bmi1, bmi2

Memory: 4k page, physical 4080704k(540780k free), swap 4080704k(5132k free)

vm_info: OpenJDK 64-Bit Server VM (25.152-b02) for windows-amd64 JRE (1.8.0_152-release-1024-b02), built by "builder" with MS VC++ 10.0 (VS2010)

time: Fri Jul 06 10:32:29 2018
elapsed time: 826 seconds (0d 0h 13m 46s)

